starting run: pubs, size=small
content of the log:
batch size used:  16
Loading dataset (46988 vectors of length 2) took 0.22793793678283691
Performing 100 NN queries took 1.8812963962554932
Throughput 53.154835250329846
Number of erroneous queries: 0
Transfer data from host to device: 0.011366128921508789
Transfer data from device to host: 9.870529174804688e-05
starting run: pubs, size=medium
content of the log:
batch size used:  16
Loading dataset (46988 vectors of length 2) took 0.21477770805358887
Performing 1000 NN queries took 1.756195068359375
Throughput 569.4128277755574
Number of erroneous queries: 0
Transfer data from host to device: 0.011431455612182617
Transfer data from device to host: 0.00010824203491210938
starting run: pubs, size=big
content of the log:
batch size used:  16
Loading dataset (46988 vectors of length 2) took 0.2160346508026123
Performing 10000 NN queries took 2.5395336151123047
Throughput 3937.7309047975623
Number of erroneous queries: 0
Transfer data from host to device: 0.011560440063476562
Transfer data from device to host: 0.00014472007751464844
starting run: glove.6B.50d, size=small
content of the log:
batch size used:  16
Loading dataset (400000 vectors of length 50) took 2.063267707824707
Performing 100 NN queries took 1.7119107246398926
Throughput 58.414261071374156
Number of erroneous queries: 0
Transfer data from host to device: 0.0668022632598877
Transfer data from device to host: 0.00019216537475585938
starting run: glove.6B.50d, size=medium
content of the log:
batch size used:  16
Loading dataset (400000 vectors of length 50) took 2.0472915172576904
Performing 1000 NN queries took 3.871701955795288
Throughput 258.2843440474977
Number of erroneous queries: 0
Transfer data from host to device: 0.06651878356933594
Transfer data from device to host: 0.000209808349609375
starting run: glove.6B.50d, size=big
content of the log:
batch size used:  16
Loading dataset (400000 vectors of length 50) took 2.0419344902038574
Performing 10000 NN queries took 25.54849147796631
Throughput 391.41254224830703
Number of erroneous queries: 0
Transfer data from host to device: 0.06644248962402344
Transfer data from device to host: 0.00020599365234375
starting run: glove.840B.300d, size=small
Traceback (most recent call last):
  File "/data/users/timca/a7-gpu/src/assignment7_problem2.py", line 146, in <module>
    I_device = batch_scan_cupy(X_dev,Q_dev,args.batch_size)
  File "/data/users/timca/a7-gpu/src/assignment7_problem2.py", line 41, in batch_scan_cupy
    differences = batch_of_queries[:, cp.newaxis, :] - X
                  ~~~~~~~~~~~~~~~~~~~~~~~~~~~~~~~~~~~^~~
  File "cupy/_core/core.pyx", line 1497, in cupy._core.core._ndarray_base.__sub__
  File "cupy/_core/_kernel.pyx", line 1357, in cupy._core._kernel.ufunc.__call__
  File "cupy/_core/_kernel.pyx", line 636, in cupy._core._kernel._get_out_args_from_optionals
  File "cupy/_core/core.pyx", line 3157, in cupy._core.core._ndarray_init
  File "cupy/_core/core.pyx", line 297, in cupy._core.core._ndarray_base._init_fast
  File "cupy/cuda/memory.pyx", line 877, in cupy.cuda.memory.alloc
  File "cupy/cuda/memory.pyx", line 1622, in cupy.cuda.memory.MemoryPool.malloc
  File "cupy/cuda/memory.pyx", line 1643, in cupy.cuda.memory.MemoryPool.malloc
  File "cupy/cuda/memory.pyx", line 1290, in cupy.cuda.memory.SingleDeviceMemoryPool.malloc
  File "cupy/cuda/memory.pyx", line 1311, in cupy.cuda.memory.SingleDeviceMemoryPool._malloc
  File "cupy/cuda/memory.pyx", line 1566, in cupy.cuda.memory.SingleDeviceMemoryPool._try_malloc
  File "cupy/cuda/memory.pyx", line 1569, in cupy.cuda.memory.SingleDeviceMemoryPool._try_malloc
cupy.cuda.memory.OutOfMemoryError: Out of memory allocating 42,163,526,656 bytes (allocated so far: 2,635,341,824 bytes).
content of the log:
batch size used:  16
starting run: glove.840B.300d, size=medium
Traceback (most recent call last):
  File "/data/users/timca/a7-gpu/src/assignment7_problem2.py", line 146, in <module>
    I_device = batch_scan_cupy(X_dev,Q_dev,args.batch_size)
  File "/data/users/timca/a7-gpu/src/assignment7_problem2.py", line 41, in batch_scan_cupy
    differences = batch_of_queries[:, cp.newaxis, :] - X
                  ~~~~~~~~~~~~~~~~~~~~~~~~~~~~~~~~~~~^~~
  File "cupy/_core/core.pyx", line 1497, in cupy._core.core._ndarray_base.__sub__
  File "cupy/_core/_kernel.pyx", line 1357, in cupy._core._kernel.ufunc.__call__
  File "cupy/_core/_kernel.pyx", line 636, in cupy._core._kernel._get_out_args_from_optionals
  File "cupy/_core/core.pyx", line 3157, in cupy._core.core._ndarray_init
  File "cupy/_core/core.pyx", line 297, in cupy._core.core._ndarray_base._init_fast
  File "cupy/cuda/memory.pyx", line 877, in cupy.cuda.memory.alloc
  File "cupy/cuda/memory.pyx", line 1622, in cupy.cuda.memory.MemoryPool.malloc
  File "cupy/cuda/memory.pyx", line 1643, in cupy.cuda.memory.MemoryPool.malloc
  File "cupy/cuda/memory.pyx", line 1290, in cupy.cuda.memory.SingleDeviceMemoryPool.malloc
  File "cupy/cuda/memory.pyx", line 1311, in cupy.cuda.memory.SingleDeviceMemoryPool._malloc
  File "cupy/cuda/memory.pyx", line 1566, in cupy.cuda.memory.SingleDeviceMemoryPool._try_malloc
  File "cupy/cuda/memory.pyx", line 1569, in cupy.cuda.memory.SingleDeviceMemoryPool._try_malloc
cupy.cuda.memory.OutOfMemoryError: Out of memory allocating 42,163,526,656 bytes (allocated so far: 2,636,428,800 bytes).
content of the log:
batch size used:  16
starting run: glove.840B.300d, size=big
Traceback (most recent call last):
  File "/data/users/timca/a7-gpu/src/assignment7_problem2.py", line 146, in <module>
    I_device = batch_scan_cupy(X_dev,Q_dev,args.batch_size)
  File "/data/users/timca/a7-gpu/src/assignment7_problem2.py", line 41, in batch_scan_cupy
    differences = batch_of_queries[:, cp.newaxis, :] - X
                  ~~~~~~~~~~~~~~~~~~~~~~~~~~~~~~~~~~~^~~
  File "cupy/_core/core.pyx", line 1497, in cupy._core.core._ndarray_base.__sub__
  File "cupy/_core/_kernel.pyx", line 1357, in cupy._core._kernel.ufunc.__call__
  File "cupy/_core/_kernel.pyx", line 636, in cupy._core._kernel._get_out_args_from_optionals
  File "cupy/_core/core.pyx", line 3157, in cupy._core.core._ndarray_init
  File "cupy/_core/core.pyx", line 297, in cupy._core.core._ndarray_base._init_fast
  File "cupy/cuda/memory.pyx", line 877, in cupy.cuda.memory.alloc
  File "cupy/cuda/memory.pyx", line 1622, in cupy.cuda.memory.MemoryPool.malloc
  File "cupy/cuda/memory.pyx", line 1643, in cupy.cuda.memory.MemoryPool.malloc
  File "cupy/cuda/memory.pyx", line 1290, in cupy.cuda.memory.SingleDeviceMemoryPool.malloc
  File "cupy/cuda/memory.pyx", line 1311, in cupy.cuda.memory.SingleDeviceMemoryPool._malloc
  File "cupy/cuda/memory.pyx", line 1566, in cupy.cuda.memory.SingleDeviceMemoryPool._try_malloc
  File "cupy/cuda/memory.pyx", line 1569, in cupy.cuda.memory.SingleDeviceMemoryPool._try_malloc
cupy.cuda.memory.OutOfMemoryError: Out of memory allocating 42,163,526,656 bytes (allocated so far: 2,647,301,120 bytes).
content of the log:
batch size used:  16
completed, results can be found in results/p2_analyze.csv
